<?xml version="1.0" encoding="UTF-8"?>
<!-- Generated by org.testng.reporters.JUnitReportReporter -->
<testsuite hostname="chk-PC" name="com.amp2application.crm" tests="1" failures="0" timestamp="12 Oct 2016 12:33:45 GMT" time="59.264" errors="0">
  <testcase name="add" time="59.264" classname="com.amp2application.crm"/>
</testsuite> <!-- com.amp2application.crm -->
