<?xml version="1.0" encoding="UTF-8"?>
<!-- Generated by org.testng.reporters.JUnitReportReporter -->
<testsuite hostname="chk-PC" name="com.amp2application.crm" tests="1" failures="0" timestamp="12 Oct 2016 13:00:03 GMT" time="31.983" errors="0">
  <testcase name="add" time="31.983" classname="com.amp2application.crm"/>
</testsuite> <!-- com.amp2application.crm -->
